mode: atomic
github.com/IBM/ibmcloud-object-storage-plugin/utils/parser/parser.go:20.51,22.16 2 2
github.com/IBM/ibmcloud-object-storage-plugin/utils/parser/parser.go:26.2,26.27 1 1
github.com/IBM/ibmcloud-object-storage-plugin/utils/parser/parser.go:22.16,24.3 1 1
github.com/IBM/ibmcloud-object-storage-plugin/utils/parser/parser.go:30.62,32.16 2 2
github.com/IBM/ibmcloud-object-storage-plugin/utils/parser/parser.go:35.2,36.16 2 2
github.com/IBM/ibmcloud-object-storage-plugin/utils/parser/parser.go:39.2,39.12 1 1
github.com/IBM/ibmcloud-object-storage-plugin/utils/parser/parser.go:32.16,34.3 1 0
github.com/IBM/ibmcloud-object-storage-plugin/utils/parser/parser.go:36.16,38.3 1 1
github.com/IBM/ibmcloud-object-storage-plugin/utils/parser/parser.go:43.61,47.16 3 4
github.com/IBM/ibmcloud-object-storage-plugin/utils/parser/parser.go:50.2,51.16 2 3
github.com/IBM/ibmcloud-object-storage-plugin/utils/parser/parser.go:55.2,57.22 2 2
github.com/IBM/ibmcloud-object-storage-plugin/utils/parser/parser.go:64.2,64.17 1 1
github.com/IBM/ibmcloud-object-storage-plugin/utils/parser/parser.go:47.16,49.3 1 1
github.com/IBM/ibmcloud-object-storage-plugin/utils/parser/parser.go:51.16,53.3 1 1
github.com/IBM/ibmcloud-object-storage-plugin/utils/parser/parser.go:57.22,59.10 2 2
github.com/IBM/ibmcloud-object-storage-plugin/utils/parser/parser.go:62.3,62.21 1 1
github.com/IBM/ibmcloud-object-storage-plugin/utils/parser/parser.go:59.10,61.4 1 1
github.com/IBM/ibmcloud-object-storage-plugin/utils/backend/backend.go:81.152,83.24 2 2
github.com/IBM/ibmcloud-object-storage-plugin/utils/backend/backend.go:88.2,98.3 2 2
github.com/IBM/ibmcloud-object-storage-plugin/utils/backend/backend.go:83.24,85.3 1 1
github.com/IBM/ibmcloud-object-storage-plugin/utils/backend/backend.go:85.8,87.3 1 1
github.com/IBM/ibmcloud-object-storage-plugin/utils/backend/backend.go:102.61,108.2 2 2
github.com/IBM/ibmcloud-object-storage-plugin/utils/backend/backend.go:111.88,112.40 1 3
github.com/IBM/ibmcloud-object-storage-plugin/utils/backend/backend.go:115.2,121.16 2 3
github.com/IBM/ibmcloud-object-storage-plugin/utils/backend/backend.go:125.2,125.29 1 2
github.com/IBM/ibmcloud-object-storage-plugin/utils/backend/backend.go:132.2,132.19 1 1
github.com/IBM/ibmcloud-object-storage-plugin/utils/backend/backend.go:112.40,114.3 1 3
github.com/IBM/ibmcloud-object-storage-plugin/utils/backend/backend.go:121.16,123.3 1 1
github.com/IBM/ibmcloud-object-storage-plugin/utils/backend/backend.go:125.29,127.80 2 2
github.com/IBM/ibmcloud-object-storage-plugin/utils/backend/backend.go:127.80,129.4 1 1
github.com/IBM/ibmcloud-object-storage-plugin/utils/backend/backend.go:136.66,141.16 2 3
github.com/IBM/ibmcloud-object-storage-plugin/utils/backend/backend.go:149.2,149.16 1 1
github.com/IBM/ibmcloud-object-storage-plugin/utils/backend/backend.go:141.16,142.85 1 2
github.com/IBM/ibmcloud-object-storage-plugin/utils/backend/backend.go:146.3,146.17 1 1
github.com/IBM/ibmcloud-object-storage-plugin/utils/backend/backend.go:142.85,145.4 2 1
github.com/IBM/ibmcloud-object-storage-plugin/utils/backend/backend.go:153.56,158.16 2 5
github.com/IBM/ibmcloud-object-storage-plugin/utils/backend/backend.go:167.2,167.36 1 3
github.com/IBM/ibmcloud-object-storage-plugin/utils/backend/backend.go:178.2,182.12 2 2
github.com/IBM/ibmcloud-object-storage-plugin/utils/backend/backend.go:158.16,159.74 1 2
github.com/IBM/ibmcloud-object-storage-plugin/utils/backend/backend.go:164.3,164.64 1 1
github.com/IBM/ibmcloud-object-storage-plugin/utils/backend/backend.go:159.74,162.4 2 1
github.com/IBM/ibmcloud-object-storage-plugin/utils/backend/backend.go:167.36,173.17 2 3
github.com/IBM/ibmcloud-object-storage-plugin/utils/backend/backend.go:173.17,175.4 1 1
github.com/IBM/ibmcloud-object-storage-plugin/utils/logger/logger.go:32.42,33.22 1 15
github.com/IBM/ibmcloud-object-storage-plugin/utils/logger/logger.go:36.2,36.23 1 0
github.com/IBM/ibmcloud-object-storage-plugin/utils/logger/logger.go:33.22,35.3 1 15
github.com/IBM/ibmcloud-object-storage-plugin/utils/logger/logger.go:42.68,45.16 3 2
github.com/IBM/ibmcloud-object-storage-plugin/utils/logger/logger.go:49.2,49.26 1 1
github.com/IBM/ibmcloud-object-storage-plugin/utils/logger/logger.go:45.16,48.3 2 1
github.com/IBM/ibmcloud-object-storage-plugin/utils/logger/logger.go:54.56,59.2 4 1
github.com/IBM/ibmcloud-object-storage-plugin/utils/logger/logger.go:64.102,66.23 2 4
github.com/IBM/ibmcloud-object-storage-plugin/utils/logger/logger.go:69.2,69.16 1 2
github.com/IBM/ibmcloud-object-storage-plugin/utils/logger/logger.go:73.2,73.24 1 1
github.com/IBM/ibmcloud-object-storage-plugin/utils/logger/logger.go:66.23,68.3 1 2
github.com/IBM/ibmcloud-object-storage-plugin/utils/logger/logger.go:69.16,72.3 2 1
github.com/IBM/ibmcloud-object-storage-plugin/utils/logger/logger.go:77.80,78.61 1 5
github.com/IBM/ibmcloud-object-storage-plugin/utils/logger/logger.go:81.2,81.60 1 5
github.com/IBM/ibmcloud-object-storage-plugin/utils/logger/logger.go:84.2,84.19 1 5
github.com/IBM/ibmcloud-object-storage-plugin/utils/logger/logger.go:78.61,80.3 1 1
github.com/IBM/ibmcloud-object-storage-plugin/utils/logger/logger.go:81.60,83.3 1 5
github.com/IBM/ibmcloud-object-storage-plugin/utils/logger/logger.go:89.42,94.2 4 15
github.com/IBM/ibmcloud-object-storage-plugin/utils/logger/logger.go:98.67,99.19 1 3
github.com/IBM/ibmcloud-object-storage-plugin/utils/logger/logger.go:102.2,103.39 2 2
github.com/IBM/ibmcloud-object-storage-plugin/utils/logger/logger.go:99.19,101.3 1 1
github.com/IBM/ibmcloud-object-storage-plugin/utils/logger/logger.go:109.65,110.16 1 8
github.com/IBM/ibmcloud-object-storage-plugin/utils/logger/logger.go:115.2,115.88 1 2
github.com/IBM/ibmcloud-object-storage-plugin/utils/logger/logger.go:110.16,111.69 1 7
github.com/IBM/ibmcloud-object-storage-plugin/utils/logger/logger.go:111.69,113.4 1 6
github.com/IBM/ibmcloud-object-storage-plugin/utils/logger/logger.go:121.65,122.16 1 4
github.com/IBM/ibmcloud-object-storage-plugin/utils/logger/logger.go:127.2,127.89 1 2
github.com/IBM/ibmcloud-object-storage-plugin/utils/logger/logger.go:122.16,123.71 1 3
github.com/IBM/ibmcloud-object-storage-plugin/utils/logger/logger.go:123.71,125.4 1 2
github.com/IBM/ibmcloud-object-storage-plugin/utils/logger/logger.go:133.47,137.2 2 4
github.com/IBM/ibmcloud-object-storage-plugin/utils/logger/logger.go:140.53,143.2 2 2
github.com/IBM/ibmcloud-object-storage-plugin/utils/uuid/uuid.go:32.44,34.2 1 1
github.com/IBM/ibmcloud-object-storage-plugin/utils/uuid/uuid.go:37.49,40.34 3 101
github.com/IBM/ibmcloud-object-storage-plugin/utils/uuid/uuid.go:44.2,47.99 3 100
github.com/IBM/ibmcloud-object-storage-plugin/utils/uuid/uuid.go:40.34,42.3 1 1
github.com/IBM/ibmcloud-object-storage-plugin/utils/config/config.go:34.32,36.2 1 17
github.com/IBM/ibmcloud-object-storage-plugin/utils/config/config.go:39.39,41.2 1 8
github.com/IBM/ibmcloud-object-storage-plugin/utils/config/config.go:44.25,45.46 1 2
github.com/IBM/ibmcloud-object-storage-plugin/utils/config/config.go:48.2,48.11 1 1
github.com/IBM/ibmcloud-object-storage-plugin/utils/config/config.go:45.46,47.3 1 1
github.com/IBM/ibmcloud-object-storage-plugin/utils/config/config.go:52.72,53.59 1 2
github.com/IBM/ibmcloud-object-storage-plugin/utils/config/config.go:53.59,55.3 1 0
github.com/IBM/ibmcloud-object-storage-plugin/utils/config/config.go:59.57,60.38 1 2
github.com/IBM/ibmcloud-object-storage-plugin/utils/config/config.go:63.2,63.20 1 1
github.com/IBM/ibmcloud-object-storage-plugin/utils/config/config.go:60.38,62.3 1 1
github.com/IBM/ibmcloud-object-storage-plugin/utils/config/config.go:67.74,68.38 1 2
github.com/IBM/ibmcloud-object-storage-plugin/utils/config/config.go:74.2,74.20 1 1
github.com/IBM/ibmcloud-object-storage-plugin/utils/config/config.go:68.38,69.51 1 1
github.com/IBM/ibmcloud-object-storage-plugin/utils/config/config.go:72.3,72.74 1 0
github.com/IBM/ibmcloud-object-storage-plugin/utils/config/config.go:69.51,71.4 1 1
github.com/IBM/ibmcloud-object-storage-plugin/utils/config/config.go:78.77,79.38 1 2
github.com/IBM/ibmcloud-object-storage-plugin/utils/config/config.go:85.2,85.20 1 1
github.com/IBM/ibmcloud-object-storage-plugin/utils/config/config.go:79.38,80.57 1 1
github.com/IBM/ibmcloud-object-storage-plugin/utils/config/config.go:83.3,83.75 1 0
github.com/IBM/ibmcloud-object-storage-plugin/utils/config/config.go:80.57,82.4 1 1
github.com/IBM/ibmcloud-object-storage-plugin/utils/config/config.go:89.89,93.26 2 2
github.com/IBM/ibmcloud-object-storage-plugin/utils/config/config.go:97.2,98.32 2 2
github.com/IBM/ibmcloud-object-storage-plugin/utils/config/config.go:93.26,95.3 1 1
github.com/IBM/ibmcloud-object-storage-plugin/utils/config/config.go:102.74,107.16 3 5
github.com/IBM/ibmcloud-object-storage-plugin/utils/config/config.go:111.2,112.12 2 3
github.com/IBM/ibmcloud-object-storage-plugin/utils/config/config.go:107.16,109.3 1 2
github.com/IBM/ibmcloud-object-storage-plugin/utils/config/config.go:116.84,121.24 3 5
github.com/IBM/ibmcloud-object-storage-plugin/utils/config/config.go:127.2,128.16 2 4
github.com/IBM/ibmcloud-object-storage-plugin/utils/config/config.go:138.2,142.16 5 3
github.com/IBM/ibmcloud-object-storage-plugin/utils/config/config.go:147.2,148.32 2 2
github.com/IBM/ibmcloud-object-storage-plugin/utils/config/config.go:152.2,157.12 6 1
github.com/IBM/ibmcloud-object-storage-plugin/utils/config/config.go:121.24,124.3 2 1
github.com/IBM/ibmcloud-object-storage-plugin/utils/config/config.go:128.16,136.3 6 1
github.com/IBM/ibmcloud-object-storage-plugin/utils/config/config.go:142.16,145.3 2 1
github.com/IBM/ibmcloud-object-storage-plugin/utils/config/config.go:148.32,151.3 2 1
github.com/IBM/ibmcloud-object-storage-plugin/provisioner/ibm-s3fs-provisioner.go:104.69,106.9 2 195
github.com/IBM/ibmcloud-object-storage-plugin/provisioner/ibm-s3fs-provisioner.go:110.2,110.30 1 91
github.com/IBM/ibmcloud-object-storage-plugin/provisioner/ibm-s3fs-provisioner.go:106.9,108.3 1 104
github.com/IBM/ibmcloud-object-storage-plugin/provisioner/ibm-s3fs-provisioner.go:112.98,113.23 1 67
github.com/IBM/ibmcloud-object-storage-plugin/provisioner/ibm-s3fs-provisioner.go:116.2,118.16 3 67
github.com/IBM/ibmcloud-object-storage-plugin/provisioner/ibm-s3fs-provisioner.go:121.2,122.16 2 65
github.com/IBM/ibmcloud-object-storage-plugin/provisioner/ibm-s3fs-provisioner.go:126.2,127.16 2 5
github.com/IBM/ibmcloud-object-storage-plugin/provisioner/ibm-s3fs-provisioner.go:130.2,131.16 2 3
github.com/IBM/ibmcloud-object-storage-plugin/provisioner/ibm-s3fs-provisioner.go:134.2,134.12 1 3
github.com/IBM/ibmcloud-object-storage-plugin/provisioner/ibm-s3fs-provisioner.go:113.23,115.3 1 61
github.com/IBM/ibmcloud-object-storage-plugin/provisioner/ibm-s3fs-provisioner.go:118.16,120.3 1 2
github.com/IBM/ibmcloud-object-storage-plugin/provisioner/ibm-s3fs-provisioner.go:122.16,125.3 1 60
github.com/IBM/ibmcloud-object-storage-plugin/provisioner/ibm-s3fs-provisioner.go:127.16,129.3 1 2
github.com/IBM/ibmcloud-object-storage-plugin/provisioner/ibm-s3fs-provisioner.go:131.16,133.3 1 0
github.com/IBM/ibmcloud-object-storage-plugin/provisioner/ibm-s3fs-provisioner.go:136.134,138.16 2 46
github.com/IBM/ibmcloud-object-storage-plugin/provisioner/ibm-s3fs-provisioner.go:142.2,142.59 1 46
github.com/IBM/ibmcloud-object-storage-plugin/provisioner/ibm-s3fs-provisioner.go:146.2,150.8 4 45
github.com/IBM/ibmcloud-object-storage-plugin/provisioner/ibm-s3fs-provisioner.go:154.2,155.16 2 45
github.com/IBM/ibmcloud-object-storage-plugin/provisioner/ibm-s3fs-provisioner.go:171.2,176.26 1 43
github.com/IBM/ibmcloud-object-storage-plugin/provisioner/ibm-s3fs-provisioner.go:138.16,140.3 1 0
github.com/IBM/ibmcloud-object-storage-plugin/provisioner/ibm-s3fs-provisioner.go:142.59,144.3 1 1
github.com/IBM/ibmcloud-object-storage-plugin/provisioner/ibm-s3fs-provisioner.go:150.8,152.3 1 1
github.com/IBM/ibmcloud-object-storage-plugin/provisioner/ibm-s3fs-provisioner.go:155.16,157.17 2 41
github.com/IBM/ibmcloud-object-storage-plugin/provisioner/ibm-s3fs-provisioner.go:161.3,162.17 2 40
github.com/IBM/ibmcloud-object-storage-plugin/provisioner/ibm-s3fs-provisioner.go:157.17,159.4 1 1
github.com/IBM/ibmcloud-object-storage-plugin/provisioner/ibm-s3fs-provisioner.go:162.17,164.4 1 1
github.com/IBM/ibmcloud-object-storage-plugin/provisioner/ibm-s3fs-provisioner.go:166.8,169.3 1 4
github.com/IBM/ibmcloud-object-storage-plugin/provisioner/ibm-s3fs-provisioner.go:181.104,198.16 15 64
github.com/IBM/ibmcloud-object-storage-plugin/provisioner/ibm-s3fs-provisioner.go:201.2,202.16 2 63
github.com/IBM/ibmcloud-object-storage-plugin/provisioner/ibm-s3fs-provisioner.go:206.2,206.31 1 62
github.com/IBM/ibmcloud-object-storage-plugin/provisioner/ibm-s3fs-provisioner.go:210.2,210.30 1 62
github.com/IBM/ibmcloud-object-storage-plugin/provisioner/ibm-s3fs-provisioner.go:225.2,226.16 2 61
github.com/IBM/ibmcloud-object-storage-plugin/provisioner/ibm-s3fs-provisioner.go:232.2,232.24 1 59
github.com/IBM/ibmcloud-object-storage-plugin/provisioner/ibm-s3fs-provisioner.go:238.2,238.22 1 59
github.com/IBM/ibmcloud-object-storage-plugin/provisioner/ibm-s3fs-provisioner.go:242.2,242.100 1 59
github.com/IBM/ibmcloud-object-storage-plugin/provisioner/ibm-s3fs-provisioner.go:249.2,249.27 1 58
github.com/IBM/ibmcloud-object-storage-plugin/provisioner/ibm-s3fs-provisioner.go:253.2,253.102 1 58
github.com/IBM/ibmcloud-object-storage-plugin/provisioner/ibm-s3fs-provisioner.go:261.2,261.34 1 57
github.com/IBM/ibmcloud-object-storage-plugin/provisioner/ibm-s3fs-provisioner.go:264.2,264.33 1 57
github.com/IBM/ibmcloud-object-storage-plugin/provisioner/ibm-s3fs-provisioner.go:274.2,274.38 1 55
github.com/IBM/ibmcloud-object-storage-plugin/provisioner/ibm-s3fs-provisioner.go:277.2,277.37 1 55
github.com/IBM/ibmcloud-object-storage-plugin/provisioner/ibm-s3fs-provisioner.go:287.2,287.27 1 53
github.com/IBM/ibmcloud-object-storage-plugin/provisioner/ibm-s3fs-provisioner.go:294.2,294.29 1 52
github.com/IBM/ibmcloud-object-storage-plugin/provisioner/ibm-s3fs-provisioner.go:301.2,301.27 1 51
github.com/IBM/ibmcloud-object-storage-plugin/provisioner/ibm-s3fs-provisioner.go:308.2,308.29 1 50
github.com/IBM/ibmcloud-object-storage-plugin/provisioner/ibm-s3fs-provisioner.go:314.2,314.37 1 49
github.com/IBM/ibmcloud-object-storage-plugin/provisioner/ibm-s3fs-provisioner.go:322.2,322.39 1 48
github.com/IBM/ibmcloud-object-storage-plugin/provisioner/ibm-s3fs-provisioner.go:330.2,330.50 1 47
github.com/IBM/ibmcloud-object-storage-plugin/provisioner/ibm-s3fs-provisioner.go:334.2,334.26 1 46
github.com/IBM/ibmcloud-object-storage-plugin/provisioner/ibm-s3fs-provisioner.go:353.2,353.57 1 42
github.com/IBM/ibmcloud-object-storage-plugin/provisioner/ibm-s3fs-provisioner.go:360.2,360.15 1 42
github.com/IBM/ibmcloud-object-storage-plugin/provisioner/ibm-s3fs-provisioner.go:370.2,370.31 1 39
github.com/IBM/ibmcloud-object-storage-plugin/provisioner/ibm-s3fs-provisioner.go:384.2,384.26 1 38
github.com/IBM/ibmcloud-object-storage-plugin/provisioner/ibm-s3fs-provisioner.go:398.2,398.15 1 36
github.com/IBM/ibmcloud-object-storage-plugin/provisioner/ibm-s3fs-provisioner.go:405.2,405.26 1 34
github.com/IBM/ibmcloud-object-storage-plugin/provisioner/ibm-s3fs-provisioner.go:414.2,414.18 1 32
github.com/IBM/ibmcloud-object-storage-plugin/provisioner/ibm-s3fs-provisioner.go:418.2,418.26 1 32
github.com/IBM/ibmcloud-object-storage-plugin/provisioner/ibm-s3fs-provisioner.go:422.2,422.19 1 32
github.com/IBM/ibmcloud-object-storage-plugin/provisioner/ibm-s3fs-provisioner.go:426.2,426.30 1 32
github.com/IBM/ibmcloud-object-storage-plugin/provisioner/ibm-s3fs-provisioner.go:431.2,433.25 3 32
github.com/IBM/ibmcloud-object-storage-plugin/provisioner/ibm-s3fs-provisioner.go:437.2,437.19 1 31
github.com/IBM/ibmcloud-object-storage-plugin/provisioner/ibm-s3fs-provisioner.go:441.2,464.16 2 31
github.com/IBM/ibmcloud-object-storage-plugin/provisioner/ibm-s3fs-provisioner.go:468.2,492.16 2 31
github.com/IBM/ibmcloud-object-storage-plugin/provisioner/ibm-s3fs-provisioner.go:496.2,517.8 1 31
github.com/IBM/ibmcloud-object-storage-plugin/provisioner/ibm-s3fs-provisioner.go:198.16,200.3 1 1
github.com/IBM/ibmcloud-object-storage-plugin/provisioner/ibm-s3fs-provisioner.go:202.16,204.3 1 1
github.com/IBM/ibmcloud-object-storage-plugin/provisioner/ibm-s3fs-provisioner.go:206.31,208.3 1 61
github.com/IBM/ibmcloud-object-storage-plugin/provisioner/ibm-s3fs-provisioner.go:210.30,212.36 1 5
github.com/IBM/ibmcloud-object-storage-plugin/provisioner/ibm-s3fs-provisioner.go:212.36,215.18 2 4
github.com/IBM/ibmcloud-object-storage-plugin/provisioner/ibm-s3fs-provisioner.go:218.4,221.27 4 3
github.com/IBM/ibmcloud-object-storage-plugin/provisioner/ibm-s3fs-provisioner.go:215.18,217.5 1 1
github.com/IBM/ibmcloud-object-storage-plugin/provisioner/ibm-s3fs-provisioner.go:226.16,228.3 1 2
github.com/IBM/ibmcloud-object-storage-plugin/provisioner/ibm-s3fs-provisioner.go:232.24,234.3 1 4
github.com/IBM/ibmcloud-object-storage-plugin/provisioner/ibm-s3fs-provisioner.go:238.22,240.3 1 1
github.com/IBM/ibmcloud-object-storage-plugin/provisioner/ibm-s3fs-provisioner.go:242.100,247.3 1 1
github.com/IBM/ibmcloud-object-storage-plugin/provisioner/ibm-s3fs-provisioner.go:249.27,251.3 1 2
github.com/IBM/ibmcloud-object-storage-plugin/provisioner/ibm-s3fs-provisioner.go:253.102,258.3 1 1
github.com/IBM/ibmcloud-object-storage-plugin/provisioner/ibm-s3fs-provisioner.go:261.34,263.3 1 3
github.com/IBM/ibmcloud-object-storage-plugin/provisioner/ibm-s3fs-provisioner.go:264.33,266.17 2 57
github.com/IBM/ibmcloud-object-storage-plugin/provisioner/ibm-s3fs-provisioner.go:266.17,268.4 1 1
github.com/IBM/ibmcloud-object-storage-plugin/provisioner/ibm-s3fs-provisioner.go:268.9,268.28 1 56
github.com/IBM/ibmcloud-object-storage-plugin/provisioner/ibm-s3fs-provisioner.go:268.28,270.4 1 1
github.com/IBM/ibmcloud-object-storage-plugin/provisioner/ibm-s3fs-provisioner.go:274.38,276.3 1 3
github.com/IBM/ibmcloud-object-storage-plugin/provisioner/ibm-s3fs-provisioner.go:277.37,279.17 2 55
github.com/IBM/ibmcloud-object-storage-plugin/provisioner/ibm-s3fs-provisioner.go:279.17,281.4 1 1
github.com/IBM/ibmcloud-object-storage-plugin/provisioner/ibm-s3fs-provisioner.go:281.9,281.36 1 54
github.com/IBM/ibmcloud-object-storage-plugin/provisioner/ibm-s3fs-provisioner.go:281.36,283.4 1 1
github.com/IBM/ibmcloud-object-storage-plugin/provisioner/ibm-s3fs-provisioner.go:287.27,288.70 1 2
github.com/IBM/ibmcloud-object-storage-plugin/provisioner/ibm-s3fs-provisioner.go:288.70,290.4 1 1
github.com/IBM/ibmcloud-object-storage-plugin/provisioner/ibm-s3fs-provisioner.go:294.29,295.74 1 2
github.com/IBM/ibmcloud-object-storage-plugin/provisioner/ibm-s3fs-provisioner.go:295.74,297.4 1 1
github.com/IBM/ibmcloud-object-storage-plugin/provisioner/ibm-s3fs-provisioner.go:301.27,302.70 1 2
github.com/IBM/ibmcloud-object-storage-plugin/provisioner/ibm-s3fs-provisioner.go:302.70,304.4 1 1
github.com/IBM/ibmcloud-object-storage-plugin/provisioner/ibm-s3fs-provisioner.go:308.29,309.74 1 2
github.com/IBM/ibmcloud-object-storage-plugin/provisioner/ibm-s3fs-provisioner.go:309.74,311.4 1 1
github.com/IBM/ibmcloud-object-storage-plugin/provisioner/ibm-s3fs-provisioner.go:314.37,316.17 2 2
github.com/IBM/ibmcloud-object-storage-plugin/provisioner/ibm-s3fs-provisioner.go:319.3,319.55 1 1
github.com/IBM/ibmcloud-object-storage-plugin/provisioner/ibm-s3fs-provisioner.go:316.17,318.4 1 1
github.com/IBM/ibmcloud-object-storage-plugin/provisioner/ibm-s3fs-provisioner.go:322.39,324.17 2 2
github.com/IBM/ibmcloud-object-storage-plugin/provisioner/ibm-s3fs-provisioner.go:327.3,327.59 1 1
github.com/IBM/ibmcloud-object-storage-plugin/provisioner/ibm-s3fs-provisioner.go:324.17,326.4 1 1
github.com/IBM/ibmcloud-object-storage-plugin/provisioner/ibm-s3fs-provisioner.go:330.50,332.3 1 1
github.com/IBM/ibmcloud-object-storage-plugin/provisioner/ibm-s3fs-provisioner.go:334.26,335.28 1 6
github.com/IBM/ibmcloud-object-storage-plugin/provisioner/ibm-s3fs-provisioner.go:339.3,339.23 1 5
github.com/IBM/ibmcloud-object-storage-plugin/provisioner/ibm-s3fs-provisioner.go:343.3,344.17 2 4
github.com/IBM/ibmcloud-object-storage-plugin/provisioner/ibm-s3fs-provisioner.go:348.3,348.41 1 3
github.com/IBM/ibmcloud-object-storage-plugin/provisioner/ibm-s3fs-provisioner.go:335.28,337.4 1 1
github.com/IBM/ibmcloud-object-storage-plugin/provisioner/ibm-s3fs-provisioner.go:339.23,341.4 1 1
github.com/IBM/ibmcloud-object-storage-plugin/provisioner/ibm-s3fs-provisioner.go:344.17,346.4 1 1
github.com/IBM/ibmcloud-object-storage-plugin/provisioner/ibm-s3fs-provisioner.go:349.8,349.29 1 40
github.com/IBM/ibmcloud-object-storage-plugin/provisioner/ibm-s3fs-provisioner.go:349.29,351.3 1 1
github.com/IBM/ibmcloud-object-storage-plugin/provisioner/ibm-s3fs-provisioner.go:353.57,355.3 1 0
github.com/IBM/ibmcloud-object-storage-plugin/provisioner/ibm-s3fs-provisioner.go:355.8,357.3 1 42
github.com/IBM/ibmcloud-object-storage-plugin/provisioner/ibm-s3fs-provisioner.go:360.15,362.17 2 42
github.com/IBM/ibmcloud-object-storage-plugin/provisioner/ibm-s3fs-provisioner.go:366.3,367.94 2 39
github.com/IBM/ibmcloud-object-storage-plugin/provisioner/ibm-s3fs-provisioner.go:362.17,364.4 1 3
github.com/IBM/ibmcloud-object-storage-plugin/provisioner/ibm-s3fs-provisioner.go:370.31,373.41 2 1
github.com/IBM/ibmcloud-object-storage-plugin/provisioner/ibm-s3fs-provisioner.go:379.3,379.23 1 1
github.com/IBM/ibmcloud-object-storage-plugin/provisioner/ibm-s3fs-provisioner.go:373.41,374.28 1 2
github.com/IBM/ibmcloud-object-storage-plugin/provisioner/ibm-s3fs-provisioner.go:374.28,376.10 2 0
github.com/IBM/ibmcloud-object-storage-plugin/provisioner/ibm-s3fs-provisioner.go:379.23,381.4 1 1
github.com/IBM/ibmcloud-object-storage-plugin/provisioner/ibm-s3fs-provisioner.go:384.26,385.58 1 6
github.com/IBM/ibmcloud-object-storage-plugin/provisioner/ibm-s3fs-provisioner.go:389.3,390.16 2 5
github.com/IBM/ibmcloud-object-storage-plugin/provisioner/ibm-s3fs-provisioner.go:393.3,393.17 1 5
github.com/IBM/ibmcloud-object-storage-plugin/provisioner/ibm-s3fs-provisioner.go:385.58,387.4 1 1
github.com/IBM/ibmcloud-object-storage-plugin/provisioner/ibm-s3fs-provisioner.go:390.16,392.4 1 0
github.com/IBM/ibmcloud-object-storage-plugin/provisioner/ibm-s3fs-provisioner.go:393.17,395.4 1 1
github.com/IBM/ibmcloud-object-storage-plugin/provisioner/ibm-s3fs-provisioner.go:398.15,400.17 2 36
github.com/IBM/ibmcloud-object-storage-plugin/provisioner/ibm-s3fs-provisioner.go:400.17,402.4 1 2
github.com/IBM/ibmcloud-object-storage-plugin/provisioner/ibm-s3fs-provisioner.go:405.26,407.17 2 3
github.com/IBM/ibmcloud-object-storage-plugin/provisioner/ibm-s3fs-provisioner.go:407.17,409.4 1 1
github.com/IBM/ibmcloud-object-storage-plugin/provisioner/ibm-s3fs-provisioner.go:409.9,409.20 1 2
github.com/IBM/ibmcloud-object-storage-plugin/provisioner/ibm-s3fs-provisioner.go:409.20,411.4 1 1
github.com/IBM/ibmcloud-object-storage-plugin/provisioner/ibm-s3fs-provisioner.go:414.18,416.3 1 1
github.com/IBM/ibmcloud-object-storage-plugin/provisioner/ibm-s3fs-provisioner.go:418.26,420.3 1 1
github.com/IBM/ibmcloud-object-storage-plugin/provisioner/ibm-s3fs-provisioner.go:422.19,424.3 1 1
github.com/IBM/ibmcloud-object-storage-plugin/provisioner/ibm-s3fs-provisioner.go:426.30,428.3 1 1
github.com/IBM/ibmcloud-object-storage-plugin/provisioner/ibm-s3fs-provisioner.go:433.25,435.3 1 1
github.com/IBM/ibmcloud-object-storage-plugin/provisioner/ibm-s3fs-provisioner.go:437.19,439.3 1 1
github.com/IBM/ibmcloud-object-storage-plugin/provisioner/ibm-s3fs-provisioner.go:464.16,466.3 1 0
github.com/IBM/ibmcloud-object-storage-plugin/provisioner/ibm-s3fs-provisioner.go:492.16,494.3 1 0
github.com/IBM/ibmcloud-object-storage-plugin/provisioner/ibm-s3fs-provisioner.go:521.68,532.16 8 7
github.com/IBM/ibmcloud-object-storage-plugin/provisioner/ibm-s3fs-provisioner.go:536.2,536.32 1 6
github.com/IBM/ibmcloud-object-storage-plugin/provisioner/ibm-s3fs-provisioner.go:543.2,543.12 1 3
github.com/IBM/ibmcloud-object-storage-plugin/provisioner/ibm-s3fs-provisioner.go:532.16,534.3 1 1
github.com/IBM/ibmcloud-object-storage-plugin/provisioner/ibm-s3fs-provisioner.go:536.32,538.17 2 6
github.com/IBM/ibmcloud-object-storage-plugin/provisioner/ibm-s3fs-provisioner.go:538.17,540.4 1 3
github.com/IBM/ibmcloud-object-storage-plugin/provisioner/ibm-s3fs-provisioner.go:546.124,551.16 4 6
github.com/IBM/ibmcloud-object-storage-plugin/provisioner/ibm-s3fs-provisioner.go:555.2,556.16 2 4
github.com/IBM/ibmcloud-object-storage-plugin/provisioner/ibm-s3fs-provisioner.go:559.2,562.44 3 4
github.com/IBM/ibmcloud-object-storage-plugin/provisioner/ibm-s3fs-provisioner.go:551.16,553.3 1 2
github.com/IBM/ibmcloud-object-storage-plugin/provisioner/ibm-s3fs-provisioner.go:556.16,558.3 1 0
github.com/IBM/ibmcloud-object-storage-plugin/driver/driver.go:103.44,104.16 1 33
github.com/IBM/ibmcloud-object-storage-plugin/driver/driver.go:107.2,108.16 2 30
github.com/IBM/ibmcloud-object-storage-plugin/driver/driver.go:104.16,106.3 1 3
github.com/IBM/ibmcloud-object-storage-plugin/driver/driver.go:108.16,110.3 1 2
github.com/IBM/ibmcloud-object-storage-plugin/driver/driver.go:110.8,110.31 1 28
github.com/IBM/ibmcloud-object-storage-plugin/driver/driver.go:110.31,112.3 1 28
github.com/IBM/ibmcloud-object-storage-plugin/driver/driver.go:112.8,112.32 1 0
github.com/IBM/ibmcloud-object-storage-plugin/driver/driver.go:112.32,114.3 1 0
github.com/IBM/ibmcloud-object-storage-plugin/driver/driver.go:114.8,116.3 1 0
github.com/IBM/ibmcloud-object-storage-plugin/driver/driver.go:120.37,121.16 1 0
github.com/IBM/ibmcloud-object-storage-plugin/driver/driver.go:124.2,125.26 2 0
github.com/IBM/ibmcloud-object-storage-plugin/driver/driver.go:135.2,135.81 1 0
github.com/IBM/ibmcloud-object-storage-plugin/driver/driver.go:121.16,123.3 1 0
github.com/IBM/ibmcloud-object-storage-plugin/driver/driver.go:126.11,127.15 1 0
github.com/IBM/ibmcloud-object-storage-plugin/driver/driver.go:128.21,129.27 1 0
github.com/IBM/ibmcloud-object-storage-plugin/driver/driver.go:130.21,131.27 1 0
github.com/IBM/ibmcloud-object-storage-plugin/driver/driver.go:132.24,133.27 1 0
github.com/IBM/ibmcloud-object-storage-plugin/driver/driver.go:145.38,147.2 1 0
github.com/IBM/ibmcloud-object-storage-plugin/driver/driver.go:150.31,152.2 1 0
github.com/IBM/ibmcloud-object-storage-plugin/driver/driver.go:155.66,161.16 4 6
github.com/IBM/ibmcloud-object-storage-plugin/driver/driver.go:170.2,170.50 1 5
github.com/IBM/ibmcloud-object-storage-plugin/driver/driver.go:161.16,162.71 1 1
github.com/IBM/ibmcloud-object-storage-plugin/driver/driver.go:162.71,164.4 1 0
github.com/IBM/ibmcloud-object-storage-plugin/driver/driver.go:164.9,166.4 1 1
github.com/IBM/ibmcloud-object-storage-plugin/driver/driver.go:170.50,174.3 2 3
github.com/IBM/ibmcloud-object-storage-plugin/driver/driver.go:174.8,174.61 1 2
github.com/IBM/ibmcloud-object-storage-plugin/driver/driver.go:174.61,178.3 2 1
github.com/IBM/ibmcloud-object-storage-plugin/driver/driver.go:178.8,182.3 2 1
github.com/IBM/ibmcloud-object-storage-plugin/driver/driver.go:185.71,190.16 3 33
github.com/IBM/ibmcloud-object-storage-plugin/driver/driver.go:204.2,205.37 2 2
github.com/IBM/ibmcloud-object-storage-plugin/driver/driver.go:222.2,222.12 1 1
github.com/IBM/ibmcloud-object-storage-plugin/driver/driver.go:233.2,233.12 1 1
github.com/IBM/ibmcloud-object-storage-plugin/driver/driver.go:190.16,192.17 1 31
github.com/IBM/ibmcloud-object-storage-plugin/driver/driver.go:192.17,196.4 2 28
github.com/IBM/ibmcloud-object-storage-plugin/driver/driver.go:196.9,200.4 2 3
github.com/IBM/ibmcloud-object-storage-plugin/driver/driver.go:205.37,209.41 3 2
github.com/IBM/ibmcloud-object-storage-plugin/driver/driver.go:209.41,214.18 3 1
github.com/IBM/ibmcloud-object-storage-plugin/driver/driver.go:214.18,218.5 2 1
github.com/IBM/ibmcloud-object-storage-plugin/driver/driver.go:222.12,226.17 3 0
github.com/IBM/ibmcloud-object-storage-plugin/driver/driver.go:226.17,230.4 2 0
github.com/IBM/ibmcloud-object-storage-plugin/driver/driver.go:236.68,241.16 3 23
github.com/IBM/ibmcloud-object-storage-plugin/driver/driver.go:247.2,250.16 3 23
github.com/IBM/ibmcloud-object-storage-plugin/driver/driver.go:257.2,260.16 3 22
github.com/IBM/ibmcloud-object-storage-plugin/driver/driver.go:266.2,266.12 1 21
github.com/IBM/ibmcloud-object-storage-plugin/driver/driver.go:241.16,243.3 1 0
github.com/IBM/ibmcloud-object-storage-plugin/driver/driver.go:250.16,254.3 2 1
github.com/IBM/ibmcloud-object-storage-plugin/driver/driver.go:260.16,264.3 2 1
github.com/IBM/ibmcloud-object-storage-plugin/driver/driver.go:270.59,279.2 3 1
github.com/IBM/ibmcloud-object-storage-plugin/driver/driver.go:281.114,286.2 3 28
github.com/IBM/ibmcloud-object-storage-plugin/driver/driver.go:288.138,293.2 3 4
github.com/IBM/ibmcloud-object-storage-plugin/driver/driver.go:295.68,300.16 3 25
github.com/IBM/ibmcloud-object-storage-plugin/driver/driver.go:319.2,319.12 1 23
github.com/IBM/ibmcloud-object-storage-plugin/driver/driver.go:300.16,303.3 1 23
github.com/IBM/ibmcloud-object-storage-plugin/driver/driver.go:303.8,304.25 1 2
github.com/IBM/ibmcloud-object-storage-plugin/driver/driver.go:304.25,308.18 3 1
github.com/IBM/ibmcloud-object-storage-plugin/driver/driver.go:308.18,312.5 2 1
github.com/IBM/ibmcloud-object-storage-plugin/driver/driver.go:313.9,317.4 2 1
github.com/IBM/ibmcloud-object-storage-plugin/driver/driver.go:323.90,331.16 7 42
github.com/IBM/ibmcloud-object-storage-plugin/driver/driver.go:338.2,338.30 1 41
github.com/IBM/ibmcloud-object-storage-plugin/driver/driver.go:344.2,344.34 1 41
github.com/IBM/ibmcloud-object-storage-plugin/driver/driver.go:352.2,352.94 1 41
github.com/IBM/ibmcloud-object-storage-plugin/driver/driver.go:364.2,364.38 1 40
github.com/IBM/ibmcloud-object-storage-plugin/driver/driver.go:381.2,381.42 1 38
github.com/IBM/ibmcloud-object-storage-plugin/driver/driver.go:397.2,397.41 1 36
github.com/IBM/ibmcloud-object-storage-plugin/driver/driver.go:408.2,408.43 1 35
github.com/IBM/ibmcloud-object-storage-plugin/driver/driver.go:418.2,418.29 1 34
github.com/IBM/ibmcloud-object-storage-plugin/driver/driver.go:451.2,451.18 1 30
github.com/IBM/ibmcloud-object-storage-plugin/driver/driver.go:469.2,469.31 1 29
github.com/IBM/ibmcloud-object-storage-plugin/driver/driver.go:501.2,508.16 2 28
github.com/IBM/ibmcloud-object-storage-plugin/driver/driver.go:515.2,515.30 1 27
github.com/IBM/ibmcloud-object-storage-plugin/driver/driver.go:535.2,536.16 2 25
github.com/IBM/ibmcloud-object-storage-plugin/driver/driver.go:543.2,546.16 4 23
github.com/IBM/ibmcloud-object-storage-plugin/driver/driver.go:552.2,552.15 1 21
github.com/IBM/ibmcloud-object-storage-plugin/driver/driver.go:564.2,565.18 2 21
github.com/IBM/ibmcloud-object-storage-plugin/driver/driver.go:570.2,570.16 1 21
github.com/IBM/ibmcloud-object-storage-plugin/driver/driver.go:575.2,576.34 2 20
github.com/IBM/ibmcloud-object-storage-plugin/driver/driver.go:582.2,582.30 1 20
github.com/IBM/ibmcloud-object-storage-plugin/driver/driver.go:591.2,609.61 2 20
github.com/IBM/ibmcloud-object-storage-plugin/driver/driver.go:618.2,618.42 1 20
github.com/IBM/ibmcloud-object-storage-plugin/driver/driver.go:623.2,623.38 1 20
github.com/IBM/ibmcloud-object-storage-plugin/driver/driver.go:627.2,627.42 1 20
github.com/IBM/ibmcloud-object-storage-plugin/driver/driver.go:631.2,631.23 1 20
github.com/IBM/ibmcloud-object-storage-plugin/driver/driver.go:635.2,635.23 1 20
github.com/IBM/ibmcloud-object-storage-plugin/driver/driver.go:639.2,639.25 1 20
github.com/IBM/ibmcloud-object-storage-plugin/driver/driver.go:643.2,643.18 1 20
github.com/IBM/ibmcloud-object-storage-plugin/driver/driver.go:650.2,650.41 1 20
github.com/IBM/ibmcloud-object-storage-plugin/driver/driver.go:654.2,654.43 1 20
github.com/IBM/ibmcloud-object-storage-plugin/driver/driver.go:658.2,658.22 1 20
github.com/IBM/ibmcloud-object-storage-plugin/driver/driver.go:662.2,663.16 2 20
github.com/IBM/ibmcloud-object-storage-plugin/driver/driver.go:671.2,675.16 3 20
github.com/IBM/ibmcloud-object-storage-plugin/driver/driver.go:679.2,682.16 3 20
github.com/IBM/ibmcloud-object-storage-plugin/driver/driver.go:688.2,689.16 2 19
github.com/IBM/ibmcloud-object-storage-plugin/driver/driver.go:697.2,698.12 2 19
github.com/IBM/ibmcloud-object-storage-plugin/driver/driver.go:331.16,335.3 2 1
github.com/IBM/ibmcloud-object-storage-plugin/driver/driver.go:338.30,340.3 1 41
github.com/IBM/ibmcloud-object-storage-plugin/driver/driver.go:340.8,342.3 1 0
github.com/IBM/ibmcloud-object-storage-plugin/driver/driver.go:344.34,346.3 1 40
github.com/IBM/ibmcloud-object-storage-plugin/driver/driver.go:346.8,346.33 1 1
github.com/IBM/ibmcloud-object-storage-plugin/driver/driver.go:346.33,348.3 1 0
github.com/IBM/ibmcloud-object-storage-plugin/driver/driver.go:348.8,350.3 1 1
github.com/IBM/ibmcloud-object-storage-plugin/driver/driver.go:352.94,361.3 2 1
github.com/IBM/ibmcloud-object-storage-plugin/driver/driver.go:364.38,366.17 2 3
github.com/IBM/ibmcloud-object-storage-plugin/driver/driver.go:372.3,372.21 1 2
github.com/IBM/ibmcloud-object-storage-plugin/driver/driver.go:366.17,371.4 2 1
github.com/IBM/ibmcloud-object-storage-plugin/driver/driver.go:372.21,377.4 2 1
github.com/IBM/ibmcloud-object-storage-plugin/driver/driver.go:381.42,383.17 2 3
github.com/IBM/ibmcloud-object-storage-plugin/driver/driver.go:383.17,388.4 2 1
github.com/IBM/ibmcloud-object-storage-plugin/driver/driver.go:388.9,388.36 1 2
github.com/IBM/ibmcloud-object-storage-plugin/driver/driver.go:388.36,393.4 2 1
github.com/IBM/ibmcloud-object-storage-plugin/driver/driver.go:397.41,399.17 2 2
github.com/IBM/ibmcloud-object-storage-plugin/driver/driver.go:399.17,404.4 2 1
github.com/IBM/ibmcloud-object-storage-plugin/driver/driver.go:408.43,410.17 2 2
github.com/IBM/ibmcloud-object-storage-plugin/driver/driver.go:410.17,415.4 2 1
github.com/IBM/ibmcloud-object-storage-plugin/driver/driver.go:418.29,420.17 2 5
github.com/IBM/ibmcloud-object-storage-plugin/driver/driver.go:426.3,427.17 2 4
github.com/IBM/ibmcloud-object-storage-plugin/driver/driver.go:420.17,425.4 2 1
github.com/IBM/ibmcloud-object-storage-plugin/driver/driver.go:427.17,432.4 2 1
github.com/IBM/ibmcloud-object-storage-plugin/driver/driver.go:433.8,435.17 2 29
github.com/IBM/ibmcloud-object-storage-plugin/driver/driver.go:442.3,443.17 2 28
github.com/IBM/ibmcloud-object-storage-plugin/driver/driver.go:435.17,440.4 2 1
github.com/IBM/ibmcloud-object-storage-plugin/driver/driver.go:443.17,448.4 2 1
github.com/IBM/ibmcloud-object-storage-plugin/driver/driver.go:451.18,452.32 1 3
github.com/IBM/ibmcloud-object-storage-plugin/driver/driver.go:452.32,454.4 1 1
github.com/IBM/ibmcloud-object-storage-plugin/driver/driver.go:454.9,455.114 1 2
github.com/IBM/ibmcloud-object-storage-plugin/driver/driver.go:455.114,464.5 2 1
github.com/IBM/ibmcloud-object-storage-plugin/driver/driver.go:464.10,466.5 1 1
github.com/IBM/ibmcloud-object-storage-plugin/driver/driver.go:469.31,472.33 3 2
github.com/IBM/ibmcloud-object-storage-plugin/driver/driver.go:478.3,481.17 4 2
github.com/IBM/ibmcloud-object-storage-plugin/driver/driver.go:487.3,488.17 2 1
github.com/IBM/ibmcloud-object-storage-plugin/driver/driver.go:493.3,494.17 2 1
github.com/IBM/ibmcloud-object-storage-plugin/driver/driver.go:472.33,474.4 1 2
github.com/IBM/ibmcloud-object-storage-plugin/driver/driver.go:474.9,477.4 2 0
github.com/IBM/ibmcloud-object-storage-plugin/driver/driver.go:481.17,485.4 2 1
github.com/IBM/ibmcloud-object-storage-plugin/driver/driver.go:488.17,492.4 2 0
github.com/IBM/ibmcloud-object-storage-plugin/driver/driver.go:494.17,498.4 2 0
github.com/IBM/ibmcloud-object-storage-plugin/driver/driver.go:508.16,512.3 2 1
github.com/IBM/ibmcloud-object-storage-plugin/driver/driver.go:515.30,523.17 2 4
github.com/IBM/ibmcloud-object-storage-plugin/driver/driver.go:523.17,527.4 2 1
github.com/IBM/ibmcloud-object-storage-plugin/driver/driver.go:527.9,527.20 1 3
github.com/IBM/ibmcloud-object-storage-plugin/driver/driver.go:527.20,531.4 2 1
github.com/IBM/ibmcloud-object-storage-plugin/driver/driver.go:536.16,540.3 2 2
github.com/IBM/ibmcloud-object-storage-plugin/driver/driver.go:546.16,550.3 2 2
github.com/IBM/ibmcloud-object-storage-plugin/driver/driver.go:552.15,554.12 1 21
github.com/IBM/ibmcloud-object-storage-plugin/driver/driver.go:554.12,556.23 2 2
github.com/IBM/ibmcloud-object-storage-plugin/driver/driver.go:556.23,559.5 1 0
github.com/IBM/ibmcloud-object-storage-plugin/driver/driver.go:565.18,567.3 1 2
github.com/IBM/ibmcloud-object-storage-plugin/driver/driver.go:567.8,569.3 1 19
github.com/IBM/ibmcloud-object-storage-plugin/driver/driver.go:570.16,574.3 2 1
github.com/IBM/ibmcloud-object-storage-plugin/driver/driver.go:576.34,578.3 1 19
github.com/IBM/ibmcloud-object-storage-plugin/driver/driver.go:578.8,580.3 1 1
github.com/IBM/ibmcloud-object-storage-plugin/driver/driver.go:582.30,583.49 1 2
github.com/IBM/ibmcloud-object-storage-plugin/driver/driver.go:583.49,585.4 1 1
github.com/IBM/ibmcloud-object-storage-plugin/driver/driver.go:585.9,587.4 1 1
github.com/IBM/ibmcloud-object-storage-plugin/driver/driver.go:588.8,590.3 1 18
github.com/IBM/ibmcloud-object-storage-plugin/driver/driver.go:609.61,612.3 2 1
github.com/IBM/ibmcloud-object-storage-plugin/driver/driver.go:612.8,612.80 1 19
github.com/IBM/ibmcloud-object-storage-plugin/driver/driver.go:612.80,615.3 2 1
github.com/IBM/ibmcloud-object-storage-plugin/driver/driver.go:618.42,620.3 1 1
github.com/IBM/ibmcloud-object-storage-plugin/driver/driver.go:623.38,625.3 1 1
github.com/IBM/ibmcloud-object-storage-plugin/driver/driver.go:627.42,629.3 1 1
github.com/IBM/ibmcloud-object-storage-plugin/driver/driver.go:631.23,633.3 1 1
github.com/IBM/ibmcloud-object-storage-plugin/driver/driver.go:635.23,637.3 1 1
github.com/IBM/ibmcloud-object-storage-plugin/driver/driver.go:639.25,641.3 1 1
github.com/IBM/ibmcloud-object-storage-plugin/driver/driver.go:643.18,646.3 2 2
github.com/IBM/ibmcloud-object-storage-plugin/driver/driver.go:646.8,648.3 1 18
github.com/IBM/ibmcloud-object-storage-plugin/driver/driver.go:650.41,652.3 1 1
github.com/IBM/ibmcloud-object-storage-plugin/driver/driver.go:654.43,656.3 1 1
github.com/IBM/ibmcloud-object-storage-plugin/driver/driver.go:658.22,660.3 1 1
github.com/IBM/ibmcloud-object-storage-plugin/driver/driver.go:663.16,669.3 1 20
github.com/IBM/ibmcloud-object-storage-plugin/driver/driver.go:675.16,678.3 2 19
github.com/IBM/ibmcloud-object-storage-plugin/driver/driver.go:682.16,686.3 2 1
github.com/IBM/ibmcloud-object-storage-plugin/driver/driver.go:689.16,695.3 1 19
github.com/IBM/ibmcloud-object-storage-plugin/driver/driver.go:702.106,707.16 4 42
github.com/IBM/ibmcloud-object-storage-plugin/driver/driver.go:717.2,723.3 2 19
github.com/IBM/ibmcloud-object-storage-plugin/driver/driver.go:707.16,715.3 2 23
github.com/IBM/ibmcloud-object-storage-plugin/driver/driver.go:727.112,732.16 4 2
github.com/IBM/ibmcloud-object-storage-plugin/driver/driver.go:742.2,748.3 2 1
github.com/IBM/ibmcloud-object-storage-plugin/driver/driver.go:732.16,740.3 2 1
github.com/IBM/ibmcloud-object-storage-plugin/driver/driver.go:752.96,754.16 2 2
github.com/IBM/ibmcloud-object-storage-plugin/driver/driver.go:761.2,763.16 3 1
github.com/IBM/ibmcloud-object-storage-plugin/driver/driver.go:769.2,769.12 1 1
github.com/IBM/ibmcloud-object-storage-plugin/driver/driver.go:754.16,759.3 2 1
github.com/IBM/ibmcloud-object-storage-plugin/driver/driver.go:763.16,767.3 2 0
